No package files given... Grabbing a set.
--- replaced sym /usr/share/man/man8/pm-suspend.8.bz2
--- replaced sym /usr/share/man/man8/pm-suspend-hybrid.8.bz2
--- replaced obj /usr/share/man/man8/pm-powersave.8.bz2
--- replaced obj /usr/share/man/man8/pm-pmu.8.bz2
--- replaced sym /usr/share/man/man8/pm-hibernate.8.bz2
--- replaced obj /usr/share/man/man8/pm-action.8.bz2
--- replaced dir /usr/share/man/man8
--- replaced obj /usr/share/man/man1/pm-is-supported.1.bz2
--- replaced obj /usr/share/man/man1/on_ac_power.1.bz2
--- replaced dir /usr/share/man/man1
--- replaced dir /usr/share/man
--- replaced obj /usr/share/doc/pm-utils-1.4.4/TODO.bz2
--- replaced obj /usr/share/doc/pm-utils-1.4.4/README.native-quirk-db.bz2
--- replaced obj /usr/share/doc/pm-utils-1.4.4/README.distributions.bz2
--- replaced obj /usr/share/doc/pm-utils-1.4.4/README.debugging.bz2
--- replaced obj /usr/share/doc/pm-utils-1.4.4/README.bz2
--- replaced obj /usr/share/doc/pm-utils-1.4.4/NEWS.bz2
--- replaced obj /usr/share/doc/pm-utils-1.4.4/HOWTO.modules.bz2
--- replaced obj /usr/share/doc/pm-utils-1.4.4/HOWTO.hooks.bz2
--- replaced obj /usr/share/doc/pm-utils-1.4.4/ChangeLog
--- replaced obj /usr/share/doc/pm-utils-1.4.4/AUTHORS.bz2
--- replaced dir /usr/share/doc/pm-utils-1.4.4
--- replaced dir /usr/share/doc
--- replaced dir /usr/share
--- replaced sym /usr/sbin/pm-suspend-hybrid
--- replaced sym /usr/sbin/pm-suspend
--- replaced obj /usr/sbin/pm-powersave
--- replaced sym /usr/sbin/pm-hibernate
--- replaced dir /usr/sbin
--- replaced obj /usr/lib64/pm-utils/video-quirks/20-video-quirk-pm-toshiba.quirkdb
--- replaced obj /usr/lib64/pm-utils/video-quirks/20-video-quirk-pm-sony.quirkdb
--- replaced obj /usr/lib64/pm-utils/video-quirks/20-video-quirk-pm-samsung.quirkdb
--- replaced obj /usr/lib64/pm-utils/video-quirks/20-video-quirk-pm-misc.quirkdb
--- replaced obj /usr/lib64/pm-utils/video-quirks/20-video-quirk-pm-lenovo.quirkdb
--- replaced obj /usr/lib64/pm-utils/video-quirks/20-video-quirk-pm-ibm.quirkdb
--- replaced obj /usr/lib64/pm-utils/video-quirks/20-video-quirk-pm-hp.quirkdb
--- replaced obj /usr/lib64/pm-utils/video-quirks/20-video-quirk-pm-fujitsu.quirkdb
--- replaced obj /usr/lib64/pm-utils/video-quirks/20-video-quirk-pm-dell.quirkdb
--- replaced obj /usr/lib64/pm-utils/video-quirks/20-video-quirk-pm-asus.quirkdb
--- replaced obj /usr/lib64/pm-utils/video-quirks/20-video-quirk-pm-apple.quirkdb
--- replaced obj /usr/lib64/pm-utils/video-quirks/20-video-quirk-pm-acer.quirkdb
--- replaced dir /usr/lib64/pm-utils/video-quirks
--- replaced obj /usr/lib64/pm-utils/sleep.d/99video
--- replaced obj /usr/lib64/pm-utils/sleep.d/98video-quirk-db-handler
--- replaced obj /usr/lib64/pm-utils/sleep.d/95led
--- replaced obj /usr/lib64/pm-utils/sleep.d/94cpufreq
--- replaced obj /usr/lib64/pm-utils/sleep.d/90clock
--- replaced obj /usr/lib64/pm-utils/sleep.d/75modules
--- replaced obj /usr/lib64/pm-utils/sleep.d/50unload_alx
--- replaced obj /usr/lib64/pm-utils/sleep.d/01grub
--- replaced obj /usr/lib64/pm-utils/sleep.d/00powersave
--- replaced obj /usr/lib64/pm-utils/sleep.d/00logging
--- replaced dir /usr/lib64/pm-utils/sleep.d
--- replaced obj /usr/lib64/pm-utils/power.d/xfs_buffer
--- replaced obj /usr/lib64/pm-utils/power.d/wireless
--- replaced obj /usr/lib64/pm-utils/power.d/usb_bluetooth
--- replaced obj /usr/lib64/pm-utils/power.d/sched-powersave
--- replaced obj /usr/lib64/pm-utils/power.d/sata_alpm
--- replaced obj /usr/lib64/pm-utils/power.d/pcie_aspm
--- replaced obj /usr/lib64/pm-utils/power.d/pci_devices
--- replaced obj /usr/lib64/pm-utils/power.d/laptop-mode
--- replaced obj /usr/lib64/pm-utils/power.d/intel-audio-powersave
--- replaced obj /usr/lib64/pm-utils/power.d/disable_wol
--- replaced dir /usr/lib64/pm-utils/power.d
--- replaced obj /usr/lib64/pm-utils/pm-functions
--- replaced obj /usr/lib64/pm-utils/module.d/uswsusp
--- replaced obj /usr/lib64/pm-utils/module.d/tuxonice
--- replaced obj /usr/lib64/pm-utils/module.d/kernel
--- replaced dir /usr/lib64/pm-utils/module.d
--- replaced obj /usr/lib64/pm-utils/functions
--- replaced obj /usr/lib64/pm-utils/defaults
--- replaced obj /usr/lib64/pm-utils/bin/service
--- replaced obj /usr/lib64/pm-utils/bin/pm-reset-swap
--- replaced obj /usr/lib64/pm-utils/bin/pm-pmu
--- replaced obj /usr/lib64/pm-utils/bin/pm-action
--- replaced dir /usr/lib64/pm-utils/bin
--- replaced dir /usr/lib64/pm-utils
--- replaced obj /usr/lib64/pkgconfig/pm-utils.pc
--- replaced dir /usr/lib64/pkgconfig
--- replaced dir /usr/lib64
--- replaced obj /usr/bin/pm-is-supported
--- replaced obj /usr/bin/on_ac_power
--- replaced dir /usr/bin
--- replaced dir /usr
--- replaced dir /etc/pm/sleep.d
--- replaced dir /etc/pm/power.d
--- replaced obj /etc/pm/config.d/gentoo
--- replaced dir /etc/pm/config.d
--- replaced dir /etc/pm
--- replaced obj /etc/logrotate.d/pm-utils
--- replaced dir /etc/logrotate.d
--- replaced dir /etc
<<<          dir /etc/video-quirks
>>> Regenerating /etc/ld.so.cache...
